<?xml version="1.0" encoding="UTF-8"?>
<!-- Generated by org.testng.reporters.JUnitReportReporter -->
<testsuite hostname="LAPTOP-A5IMFISJ" failures="0" tests="3" name="SeleniumJava.tests.StandAloneTest" time="77.297" errors="0" timestamp="2024-06-23T20:15:19 IST" skipped="0">
  <testcase classname="SeleniumJava.tests.StandAloneTest" name="submitOrder" time="25.629"/>
  <testcase classname="SeleniumJava.tests.StandAloneTest" name="submitOrder" time="35.584"/>
  <testcase classname="SeleniumJava.tests.StandAloneTest" name="orderHistoryTest" time="16.084"/>
</testsuite> <!-- SeleniumJava.tests.StandAloneTest -->
