<?xml version="1.0" encoding="UTF-8"?>
<!-- Generated by org.testng.reporters.JUnitReportReporter -->
<testsuite hostname="LAPTOP-A5IMFISJ" failures="0" tests="3" name="SeleniumJava.tests.StandAloneTest" time="94.419" errors="0" timestamp="2024-06-24T08:33:14 IST" skipped="0">
  <testcase classname="SeleniumJava.tests.StandAloneTest" name="submitOrder" time="53.106"/>
  <testcase classname="SeleniumJava.tests.StandAloneTest" name="orderHistoryTest" time="15.507"/>
  <testcase classname="SeleniumJava.tests.StandAloneTest" name="submitOrder" time="25.806"/>
</testsuite> <!-- SeleniumJava.tests.StandAloneTest -->
