<?xml version="1.0" encoding="UTF-8"?>
<!-- Generated by org.testng.reporters.JUnitReportReporter -->
<testsuite hostname="LAPTOP-A5IMFISJ" failures="0" tests="1" name="cucumber.TestNGTestRunner" time="55.930" errors="0" timestamp="2024-06-24T17:53:13 IST" skipped="0">
  <testcase classname="cucumber.TestNGTestRunner" name="runScenario" time="55.930"/>
</testsuite> <!-- cucumber.TestNGTestRunner -->
